<?xml version="1.0" encoding="UTF-8"?>
<testng-results skipped="0" failed="0" ignored="0" total="2" passed="2">
  <reporter-output>
  </reporter-output>
  <suite name="Default suite" duration-ms="4015" started-at="2022-03-23T23:36:37Z" finished-at="2022-03-23T23:36:41Z">
    <groups>
    </groups>
    <test name="Default test" duration-ms="4015" started-at="2022-03-23T23:36:37Z" finished-at="2022-03-23T23:36:41Z">
      <class name="testCases.DeleteAProduct">
        <test-method status="PASS" signature="deleteAProduct()[pri:1, instance:testCases.DeleteAProduct@48fa0f47]" name="deleteAProduct" duration-ms="3096" started-at="2022-03-23T23:36:37Z" finished-at="2022-03-23T23:36:40Z">
          <reporter-output>
          </reporter-output>
        </test-method> <!-- deleteAProduct -->
        <test-method status="PASS" signature="readAProduct()[pri:2, instance:testCases.DeleteAProduct@48fa0f47]" name="readAProduct" duration-ms="879" started-at="2022-03-23T23:36:40Z" finished-at="2022-03-23T23:36:41Z">
          <reporter-output>
          </reporter-output>
        </test-method> <!-- readAProduct -->
      </class> <!-- testCases.DeleteAProduct -->
    </test> <!-- Default test -->
  </suite> <!-- Default suite -->
</testng-results>
